c:\users\tamir\desktop\סנייק תרגיל 3\debug\targil.pch
c:\users\tamir\desktop\סנייק תרגיל 3\debug\vc140.pdb
c:\users\tamir\desktop\סנייק תרגיל 3\debug\vc140.idb
c:\users\tamir\desktop\סנייק תרגיל 3\debug\stdafx.obj
c:\users\tamir\desktop\סנייק תרגיל 3\debug\board.obj
c:\users\tamir\desktop\סנייק תרגיל 3\debug\equation.obj
c:\users\tamir\desktop\סנייק תרגיל 3\debug\gotoxy.obj
c:\users\tamir\desktop\סנייק תרגיל 3\debug\fly.obj
c:\users\tamir\desktop\סנייק תרגיל 3\debug\main.obj
c:\users\tamir\desktop\סנייק תרגיל 3\debug\shot.obj
c:\users\tamir\desktop\סנייק תרגיל 3\debug\point.obj
c:\users\tamir\desktop\סנייק תרגיל 3\debug\snake.obj
c:\users\tamir\desktop\סנייק תרגיל 3\debug\snakegame.obj
c:\users\tamir\desktop\סנייק תרגיל 3\debug\tasks.obj
c:\users\tamir\desktop\סנייק תרגיל 3\debug\targil.ilk
c:\users\tamir\desktop\סנייק תרגיל 3\debug\targil.exe
c:\users\tamir\desktop\סנייק תרגיל 3\debug\targil.pdb
c:\users\tamir\desktop\סנייק תרגיל 3\debug\targil.tlog\cl.command.1.tlog
c:\users\tamir\desktop\סנייק תרגיל 3\debug\targil.tlog\cl.read.1.tlog
c:\users\tamir\desktop\סנייק תרגיל 3\debug\targil.tlog\cl.write.1.tlog
c:\users\tamir\desktop\סנייק תרגיל 3\debug\targil.tlog\link.command.1.tlog
c:\users\tamir\desktop\סנייק תרגיל 3\debug\targil.tlog\link.read.1.tlog
c:\users\tamir\desktop\סנייק תרגיל 3\debug\targil.tlog\link.write.1.tlog
